Restore Archived Project report for lab8
Fri May 03 08:02:16 2019
Quartus Prime Version 18.0.0 Build 614 04/24/2018 SJ Lite Edition


---------------------
; Table of Contents ;
---------------------
  1. Legal Notice
  2. Restore Archived Project Summary
  3. Restore Archived Project Messages
  4. Files Restored
  5. Files Not Restored



----------------
; Legal Notice ;
----------------
Copyright (C) 2018  Intel Corporation. All rights reserved.
Your use of Intel Corporation's design tools, logic functions 
and other software and tools, and its AMPP partner logic 
functions, and any output files from any of the foregoing 
(including device programming or simulation files), and any 
associated documentation or information are expressly subject 
to the terms and conditions of the Intel Program License 
Subscription Agreement, the Intel Quartus Prime License Agreement,
the Intel FPGA IP License Agreement, or other applicable license
agreement, including, without limitation, that your use is for
the sole purpose of programming logic devices manufactured by
Intel and sold by Intel or its authorized distributors.  Please
refer to the applicable agreement for further details.



+-------------------------------------------------------------------------+
; Restore Archived Project Summary                                        ;
+---------------------------------+---------------------------------------+
; Restore Archived Project Status ; Successful - Fri May 03 08:02:16 2019 ;
; Revision Name                   ; lab8                                  ;
; Top-level Entity Name           ; lab8                                  ;
; Family                          ; Cyclone IV E                          ;
+---------------------------------+---------------------------------------+


+-----------------------------------+
; Restore Archived Project Messages ;
+-----------------------------------+
Info: Successfully restored 'F:/385_final_project/our_project_treasure/lab8_tmp_archive.qar' into the 'E:/project_final' directory
Info: Generated report 'lab8.restore.rpt'


+---------------------------------------------------------------------------------------------------+
; Files Restored                                                                                    ;
+---------------------------------------------------------------------------------------------------+
; File Name                                                                                         ;
+---------------------------------------------------------------------------------------------------+
; qar_info.json                                                                                     ;
; Color_Mapper.sv                                                                                   ;
; HexDriver.sv                                                                                      ;
; LCD_io.sv                                                                                         ;
; PLLJ_PLLSPE_INFO.txt                                                                              ;
; Sound.vhd                                                                                         ;
; VGA_controller.sv                                                                                 ;
; __lab7_usb.auto.qarlog                                                                            ;
; __lab8.auto.qarlog                                                                                ;
; assignment_defaults.qdf                                                                           ;
; audio.sv                                                                                          ;
; audio_interface.vhd                                                                               ;
; ball.sv                                                                                           ;
; bomb.sv                                                                                           ;
; bomb_state.sv                                                                                     ;
; bonus.sv                                                                                          ;
; colortable.sv                                                                                     ;
; font_rom.sv                                                                                       ;
; fonts.sv                                                                                          ;
; game_state.sv                                                                                     ;
; hpi_io_intf.sv                                                                                    ;
; is_barrier.sv                                                                                     ;
; lab7_usb.qsf                                                                                      ;
; lab8.qpf                                                                                          ;
; lab8.qsf                                                                                          ;
; lab8.sv                                                                                           ;
; lab8_assignment_defaults.qdf                                                                      ;
; lab8_soc.qsys                                                                                     ;
; lab8_soc.sopcinfo                                                                                 ;
; lab8_soc/lab8_soc.cmp                                                                             ;
; lab8_soc/synthesis/lab8_soc.debuginfo                                                             ;
; lab8_soc/synthesis/lab8_soc.qip                                                                   ;
; lab8_soc/synthesis/lab8_soc.regmap                                                                ;
; lab8_soc/synthesis/lab8_soc.v                                                                     ;
; lab8_soc/synthesis/submodules/altera_avalon_sc_fifo.v                                             ;
; lab8_soc/synthesis/submodules/altera_avalon_st_clock_crosser.v                                    ;
; lab8_soc/synthesis/submodules/altera_avalon_st_handshake_clock_crosser.sdc                        ;
; lab8_soc/synthesis/submodules/altera_avalon_st_handshake_clock_crosser.v                          ;
; lab8_soc/synthesis/submodules/altera_avalon_st_pipeline_base.v                                    ;
; lab8_soc/synthesis/submodules/altera_avalon_st_pipeline_stage.sv                                  ;
; lab8_soc/synthesis/submodules/altera_default_burst_converter.sv                                   ;
; lab8_soc/synthesis/submodules/altera_incr_burst_converter.sv                                      ;
; lab8_soc/synthesis/submodules/altera_merlin_address_alignment.sv                                  ;
; lab8_soc/synthesis/submodules/altera_merlin_arbitrator.sv                                         ;
; lab8_soc/synthesis/submodules/altera_merlin_burst_adapter.sv                                      ;
; lab8_soc/synthesis/submodules/altera_merlin_burst_adapter_13_1.sv                                 ;
; lab8_soc/synthesis/submodules/altera_merlin_burst_adapter_new.sv                                  ;
; lab8_soc/synthesis/submodules/altera_merlin_burst_adapter_uncmpr.sv                               ;
; lab8_soc/synthesis/submodules/altera_merlin_burst_uncompressor.sv                                 ;
; lab8_soc/synthesis/submodules/altera_merlin_master_agent.sv                                       ;
; lab8_soc/synthesis/submodules/altera_merlin_master_translator.sv                                  ;
; lab8_soc/synthesis/submodules/altera_merlin_slave_agent.sv                                        ;
; lab8_soc/synthesis/submodules/altera_merlin_slave_translator.sv                                   ;
; lab8_soc/synthesis/submodules/altera_merlin_width_adapter.sv                                      ;
; lab8_soc/synthesis/submodules/altera_reset_controller.sdc                                         ;
; lab8_soc/synthesis/submodules/altera_reset_controller.v                                           ;
; lab8_soc/synthesis/submodules/altera_reset_synchronizer.v                                         ;
; lab8_soc/synthesis/submodules/altera_std_synchronizer_nocut.v                                     ;
; lab8_soc/synthesis/submodules/altera_wrap_burst_converter.sv                                      ;
; lab8_soc/synthesis/submodules/lab8_soc_irq_mapper.sv                                              ;
; lab8_soc/synthesis/submodules/lab8_soc_jtag_uart_0.v                                              ;
; lab8_soc/synthesis/submodules/lab8_soc_keycode.v                                                  ;
; lab8_soc/synthesis/submodules/lab8_soc_mm_interconnect_0.v                                        ;
; lab8_soc/synthesis/submodules/lab8_soc_mm_interconnect_0_avalon_st_adapter.v                      ;
; lab8_soc/synthesis/submodules/lab8_soc_mm_interconnect_0_avalon_st_adapter_014.v                  ;
; lab8_soc/synthesis/submodules/lab8_soc_mm_interconnect_0_avalon_st_adapter_014_error_adapter_0.sv ;
; lab8_soc/synthesis/submodules/lab8_soc_mm_interconnect_0_avalon_st_adapter_error_adapter_0.sv     ;
; lab8_soc/synthesis/submodules/lab8_soc_mm_interconnect_0_cmd_demux.sv                             ;
; lab8_soc/synthesis/submodules/lab8_soc_mm_interconnect_0_cmd_demux_001.sv                         ;
; lab8_soc/synthesis/submodules/lab8_soc_mm_interconnect_0_cmd_mux.sv                               ;
; lab8_soc/synthesis/submodules/lab8_soc_mm_interconnect_0_cmd_mux_001.sv                           ;
; lab8_soc/synthesis/submodules/lab8_soc_mm_interconnect_0_router.sv                                ;
; lab8_soc/synthesis/submodules/lab8_soc_mm_interconnect_0_router_001.sv                            ;
; lab8_soc/synthesis/submodules/lab8_soc_mm_interconnect_0_router_002.sv                            ;
; lab8_soc/synthesis/submodules/lab8_soc_mm_interconnect_0_router_003.sv                            ;
; lab8_soc/synthesis/submodules/lab8_soc_mm_interconnect_0_router_016.sv                            ;
; lab8_soc/synthesis/submodules/lab8_soc_mm_interconnect_0_rsp_demux.sv                             ;
; lab8_soc/synthesis/submodules/lab8_soc_mm_interconnect_0_rsp_demux_001.sv                         ;
; lab8_soc/synthesis/submodules/lab8_soc_mm_interconnect_0_rsp_mux.sv                               ;
; lab8_soc/synthesis/submodules/lab8_soc_mm_interconnect_0_rsp_mux_001.sv                           ;
; lab8_soc/synthesis/submodules/lab8_soc_nios2_gen2_0.v                                             ;
; lab8_soc/synthesis/submodules/lab8_soc_nios2_gen2_0_cpu.sdc                                       ;
; lab8_soc/synthesis/submodules/lab8_soc_nios2_gen2_0_cpu.v                                         ;
; lab8_soc/synthesis/submodules/lab8_soc_nios2_gen2_0_cpu_debug_slave_sysclk.v                      ;
; lab8_soc/synthesis/submodules/lab8_soc_nios2_gen2_0_cpu_debug_slave_tck.v                         ;
; lab8_soc/synthesis/submodules/lab8_soc_nios2_gen2_0_cpu_debug_slave_wrapper.v                     ;
; lab8_soc/synthesis/submodules/lab8_soc_nios2_gen2_0_cpu_ociram_default_contents.mif               ;
; lab8_soc/synthesis/submodules/lab8_soc_nios2_gen2_0_cpu_rf_ram_a.mif                              ;
; lab8_soc/synthesis/submodules/lab8_soc_nios2_gen2_0_cpu_rf_ram_b.mif                              ;
; lab8_soc/synthesis/submodules/lab8_soc_nios2_gen2_0_cpu_test_bench.v                              ;
; lab8_soc/synthesis/submodules/lab8_soc_onchip_memory2_0.hex                                       ;
; lab8_soc/synthesis/submodules/lab8_soc_onchip_memory2_0.v                                         ;
; lab8_soc/synthesis/submodules/lab8_soc_onchip_memory2_1.hex                                       ;
; lab8_soc/synthesis/submodules/lab8_soc_onchip_memory2_1.v                                         ;
; lab8_soc/synthesis/submodules/lab8_soc_otg_hpi_address.v                                          ;
; lab8_soc/synthesis/submodules/lab8_soc_otg_hpi_cs.v                                               ;
; lab8_soc/synthesis/submodules/lab8_soc_otg_hpi_data.v                                             ;
; lab8_soc/synthesis/submodules/lab8_soc_sdram.v                                                    ;
; lab8_soc/synthesis/submodules/lab8_soc_sdram_pll.v                                                ;
; lab8_soc/synthesis/submodules/lab8_soc_sysid_qsys_0.v                                             ;
; lab8_tmp_archive.qarlog                                                                           ;
; lifeplus.sv                                                                                       ;
; loading.sv                                                                                        ;
; map.sv                                                                                            ;
; mouse.sv                                                                                          ;
; mouse_controller.v                                                                                ;
; music.txt                                                                                         ;
; music_control.sv                                                                                  ;
; mylog.txt                                                                                         ;
; palette.sv                                                                                        ;
; palette_out.sv                                                                                    ;
; player_state.sv                                                                                   ;
; shoe_on.sv                                                                                        ;
; sprites.sv                                                                                        ;
; startpage.sv                                                                                      ;
; statusbar.sv                                                                                      ;
; statusbar_mapper.sv                                                                               ;
; vga_clk.ppf                                                                                       ;
; vga_clk.qip                                                                                       ;
; vga_clk.v                                                                                         ;
+---------------------------------------------------------------------------------------------------+


+--------------------+
; Files Not Restored ;
+--------------------+
; File Name          ;
+--------------------+


