Analysis & Synthesis report for lab6
Mon Mar 04 18:50:28 2019
Quartus Prime Version 18.0.0 Build 614 04/24/2018 SJ Lite Edition


---------------------
; Table of Contents ;
---------------------
  1. Legal Notice
  2. Analysis & Synthesis Summary
  3. Analysis & Synthesis Settings
  4. Parallel Compilation
  5. Analysis & Synthesis Source Files Read
  6. Analysis & Synthesis Resource Usage Summary
  7. Analysis & Synthesis Resource Utilization by Entity
  8. State Machine - |lab6_toplevel|slc3:my_slc|ISDU:state_controller|State
  9. Registers Removed During Synthesis
 10. General Register Statistics
 11. Multiplexer Restructuring Statistics (Restructuring Performed)
 12. Parameter Settings for User Entity Instance: slc3:my_slc|tristate:tr0
 13. Parameter Settings for User Entity Instance: test_memory:my_test_memory
 14. Parameter Settings for User Entity Instance: test_memory:my_test_memory|memory_parser:parser
 15. Port Connectivity Checks: "slc3:my_slc|Mem2IO:memory_subsystem"
 16. Post-Synthesis Netlist Statistics for Top Partition
 17. Elapsed Time Per Partition
 18. Analysis & Synthesis Messages
 19. Analysis & Synthesis Suppressed Messages



----------------
; Legal Notice ;
----------------
Copyright (C) 2018  Intel Corporation. All rights reserved.
Your use of Intel Corporation's design tools, logic functions 
and other software and tools, and its AMPP partner logic 
functions, and any output files from any of the foregoing 
(including device programming or simulation files), and any 
associated documentation or information are expressly subject 
to the terms and conditions of the Intel Program License 
Subscription Agreement, the Intel Quartus Prime License Agreement,
the Intel FPGA IP License Agreement, or other applicable license
agreement, including, without limitation, that your use is for
the sole purpose of programming logic devices manufactured by
Intel and sold by Intel or its authorized distributors.  Please
refer to the applicable agreement for further details.



+----------------------------------------------------------------------------------+
; Analysis & Synthesis Summary                                                     ;
+------------------------------------+---------------------------------------------+
; Analysis & Synthesis Status        ; Successful - Mon Mar 04 18:50:28 2019       ;
; Quartus Prime Version              ; 18.0.0 Build 614 04/24/2018 SJ Lite Edition ;
; Revision Name                      ; lab6                                        ;
; Top-level Entity Name              ; lab6_toplevel                               ;
; Family                             ; Cyclone IV E                                ;
; Total logic elements               ; 726                                         ;
;     Total combinational functions  ; 677                                         ;
;     Dedicated logic registers      ; 287                                         ;
; Total registers                    ; 287                                         ;
; Total pins                         ; 129                                         ;
; Total virtual pins                 ; 0                                           ;
; Total memory bits                  ; 0                                           ;
; Embedded Multiplier 9-bit elements ; 0                                           ;
; Total PLLs                         ; 0                                           ;
+------------------------------------+---------------------------------------------+


+------------------------------------------------------------------------------------------------------------+
; Analysis & Synthesis Settings                                                                              ;
+------------------------------------------------------------------+--------------------+--------------------+
; Option                                                           ; Setting            ; Default Value      ;
+------------------------------------------------------------------+--------------------+--------------------+
; Device                                                           ; EP4CE115F29C7      ;                    ;
; Top-level entity name                                            ; lab6_toplevel      ; lab6               ;
; Family name                                                      ; Cyclone IV E       ; Cyclone V          ;
; Use smart compilation                                            ; Off                ; Off                ;
; Enable parallel Assembler and Timing Analyzer during compilation ; On                 ; On                 ;
; Enable compact report table                                      ; Off                ; Off                ;
; Restructure Multiplexers                                         ; Auto               ; Auto               ;
; Create Debugging Nodes for IP Cores                              ; Off                ; Off                ;
; Preserve fewer node names                                        ; On                 ; On                 ;
; Intel FPGA IP Evaluation Mode                                    ; Enable             ; Enable             ;
; Verilog Version                                                  ; Verilog_2001       ; Verilog_2001       ;
; VHDL Version                                                     ; VHDL_1993          ; VHDL_1993          ;
; State Machine Processing                                         ; Auto               ; Auto               ;
; Safe State Machine                                               ; Off                ; Off                ;
; Extract Verilog State Machines                                   ; On                 ; On                 ;
; Extract VHDL State Machines                                      ; On                 ; On                 ;
; Ignore Verilog initial constructs                                ; Off                ; Off                ;
; Iteration limit for constant Verilog loops                       ; 5000               ; 5000               ;
; Iteration limit for non-constant Verilog loops                   ; 250                ; 250                ;
; Add Pass-Through Logic to Inferred RAMs                          ; On                 ; On                 ;
; Infer RAMs from Raw Logic                                        ; On                 ; On                 ;
; Parallel Synthesis                                               ; On                 ; On                 ;
; DSP Block Balancing                                              ; Auto               ; Auto               ;
; NOT Gate Push-Back                                               ; On                 ; On                 ;
; Power-Up Don't Care                                              ; On                 ; On                 ;
; Remove Redundant Logic Cells                                     ; Off                ; Off                ;
; Remove Duplicate Registers                                       ; On                 ; On                 ;
; Ignore CARRY Buffers                                             ; Off                ; Off                ;
; Ignore CASCADE Buffers                                           ; Off                ; Off                ;
; Ignore GLOBAL Buffers                                            ; Off                ; Off                ;
; Ignore ROW GLOBAL Buffers                                        ; Off                ; Off                ;
; Ignore LCELL Buffers                                             ; Off                ; Off                ;
; Ignore SOFT Buffers                                              ; On                 ; On                 ;
; Limit AHDL Integers to 32 Bits                                   ; Off                ; Off                ;
; Optimization Technique                                           ; Balanced           ; Balanced           ;
; Carry Chain Length                                               ; 70                 ; 70                 ;
; Auto Carry Chains                                                ; On                 ; On                 ;
; Auto Open-Drain Pins                                             ; On                 ; On                 ;
; Perform WYSIWYG Primitive Resynthesis                            ; Off                ; Off                ;
; Auto ROM Replacement                                             ; On                 ; On                 ;
; Auto RAM Replacement                                             ; On                 ; On                 ;
; Auto DSP Block Replacement                                       ; On                 ; On                 ;
; Auto Shift Register Replacement                                  ; Auto               ; Auto               ;
; Allow Shift Register Merging across Hierarchies                  ; Auto               ; Auto               ;
; Auto Clock Enable Replacement                                    ; On                 ; On                 ;
; Strict RAM Replacement                                           ; Off                ; Off                ;
; Allow Synchronous Control Signals                                ; On                 ; On                 ;
; Force Use of Synchronous Clear Signals                           ; Off                ; Off                ;
; Auto RAM Block Balancing                                         ; On                 ; On                 ;
; Auto RAM to Logic Cell Conversion                                ; Off                ; Off                ;
; Auto Resource Sharing                                            ; Off                ; Off                ;
; Allow Any RAM Size For Recognition                               ; Off                ; Off                ;
; Allow Any ROM Size For Recognition                               ; Off                ; Off                ;
; Allow Any Shift Register Size For Recognition                    ; Off                ; Off                ;
; Use LogicLock Constraints during Resource Balancing              ; On                 ; On                 ;
; Ignore translate_off and synthesis_off directives                ; Off                ; Off                ;
; Timing-Driven Synthesis                                          ; On                 ; On                 ;
; Report Parameter Settings                                        ; On                 ; On                 ;
; Report Source Assignments                                        ; On                 ; On                 ;
; Report Connectivity Checks                                       ; On                 ; On                 ;
; Ignore Maximum Fan-Out Assignments                               ; Off                ; Off                ;
; Synchronization Register Chain Length                            ; 2                  ; 2                  ;
; Power Optimization During Synthesis                              ; Normal compilation ; Normal compilation ;
; HDL message level                                                ; Level2             ; Level2             ;
; Suppress Register Optimization Related Messages                  ; Off                ; Off                ;
; Number of Removed Registers Reported in Synthesis Report         ; 5000               ; 5000               ;
; Number of Swept Nodes Reported in Synthesis Report               ; 5000               ; 5000               ;
; Number of Inverted Registers Reported in Synthesis Report        ; 100                ; 100                ;
; Clock MUX Protection                                             ; On                 ; On                 ;
; Auto Gated Clock Conversion                                      ; Off                ; Off                ;
; Block Design Naming                                              ; Auto               ; Auto               ;
; SDC constraint protection                                        ; Off                ; Off                ;
; Synthesis Effort                                                 ; Auto               ; Auto               ;
; Shift Register Replacement - Allow Asynchronous Clear Signal     ; On                 ; On                 ;
; Pre-Mapping Resynthesis Optimization                             ; Off                ; Off                ;
; Analysis & Synthesis Message Level                               ; Medium             ; Medium             ;
; Disable Register Merging Across Hierarchies                      ; Auto               ; Auto               ;
; Resource Aware Inference For Block RAM                           ; On                 ; On                 ;
+------------------------------------------------------------------+--------------------+--------------------+


+------------------------------------------+
; Parallel Compilation                     ;
+----------------------------+-------------+
; Processors                 ; Number      ;
+----------------------------+-------------+
; Number detected on machine ; 8           ;
; Maximum allowed            ; 4           ;
;                            ;             ;
; Average used               ; 1.00        ;
; Maximum used               ; 4           ;
;                            ;             ;
; Usage by Processor         ; % Time Used ;
;     Processor 1            ; 100.0%      ;
;     Processor 2            ;   0.0%      ;
;     Processor 3            ;   0.0%      ;
;     Processor 4            ;   0.0%      ;
+----------------------------+-------------+


+--------------------------------------------------------------------------------------------------------------------------------+
; Analysis & Synthesis Source Files Read                                                                                         ;
+----------------------------------+-----------------+------------------------------+----------------------------------+---------+
; File Name with User-Entered Path ; Used in Netlist ; File Type                    ; File Name with Absolute Path     ; Library ;
+----------------------------------+-----------------+------------------------------+----------------------------------+---------+
; setCC.sv                         ; yes             ; User SystemVerilog HDL File  ; F:/lab6_demo2/setCC.sv           ;         ;
; ADDR2_MUX.sv                     ; yes             ; User SystemVerilog HDL File  ; F:/lab6_demo2/ADDR2_MUX.sv       ;         ;
; ADDR1_MUX.sv                     ; yes             ; User SystemVerilog HDL File  ; F:/lab6_demo2/ADDR1_MUX.sv       ;         ;
; tristate.sv                      ; yes             ; User SystemVerilog HDL File  ; F:/lab6_demo2/tristate.sv        ;         ;
; test_memory.sv                   ; yes             ; User SystemVerilog HDL File  ; F:/lab6_demo2/test_memory.sv     ;         ;
; SLC3_2.sv                        ; yes             ; User SystemVerilog HDL File  ; F:/lab6_demo2/SLC3_2.sv          ;         ;
; slc3.sv                          ; yes             ; User SystemVerilog HDL File  ; F:/lab6_demo2/slc3.sv            ;         ;
; memory_contents.sv               ; yes             ; User SystemVerilog HDL File  ; F:/lab6_demo2/memory_contents.sv ;         ;
; Mem2IO.sv                        ; yes             ; User SystemVerilog HDL File  ; F:/lab6_demo2/Mem2IO.sv          ;         ;
; lab6_toplevel.sv                 ; yes             ; User SystemVerilog HDL File  ; F:/lab6_demo2/lab6_toplevel.sv   ;         ;
; ISDU.sv                          ; yes             ; User SystemVerilog HDL File  ; F:/lab6_demo2/ISDU.sv            ;         ;
; datapath.sv                      ; yes             ; User SystemVerilog HDL File  ; F:/lab6_demo2/datapath.sv        ;         ;
; reg_16.sv                        ; yes             ; User SystemVerilog HDL File  ; F:/lab6_demo2/reg_16.sv          ;         ;
; HexDriver.sv                     ; yes             ; User SystemVerilog HDL File  ; F:/lab6_demo2/HexDriver.sv       ;         ;
; register_file.sv                 ; yes             ; User SystemVerilog HDL File  ; F:/lab6_demo2/register_file.sv   ;         ;
; ALU_mux.sv                       ; yes             ; User SystemVerilog HDL File  ; F:/lab6_demo2/ALU_mux.sv         ;         ;
; databusMUX.sv                    ; yes             ; User SystemVerilog HDL File  ; F:/lab6_demo2/databusMUX.sv      ;         ;
; PCMUX.sv                         ; yes             ; User SystemVerilog HDL File  ; F:/lab6_demo2/PCMUX.sv           ;         ;
; DRMUX.sv                         ; yes             ; User SystemVerilog HDL File  ; F:/lab6_demo2/DRMUX.sv           ;         ;
; SR1mux.sv                        ; yes             ; User SystemVerilog HDL File  ; F:/lab6_demo2/SR1mux.sv          ;         ;
; SR2mux.sv                        ; yes             ; User SystemVerilog HDL File  ; F:/lab6_demo2/SR2mux.sv          ;         ;
; setBEN.sv                        ; yes             ; User SystemVerilog HDL File  ; F:/lab6_demo2/setBEN.sv          ;         ;
; synchronizers.sv                 ; yes             ; User SystemVerilog HDL File  ; F:/lab6_demo2/synchronizers.sv   ;         ;
+----------------------------------+-----------------+------------------------------+----------------------------------+---------+


+---------------------------------------------------------+
; Analysis & Synthesis Resource Usage Summary             ;
+---------------------------------------------+-----------+
; Resource                                    ; Usage     ;
+---------------------------------------------+-----------+
; Estimated Total logic elements              ; 726       ;
;                                             ;           ;
; Total combinational functions               ; 677       ;
; Logic element usage by number of LUT inputs ;           ;
;     -- 4 input functions                    ; 353       ;
;     -- 3 input functions                    ; 124       ;
;     -- <=2 input functions                  ; 200       ;
;                                             ;           ;
; Logic elements by mode                      ;           ;
;     -- normal mode                          ; 632       ;
;     -- arithmetic mode                      ; 45        ;
;                                             ;           ;
; Total registers                             ; 287       ;
;     -- Dedicated logic registers            ; 287       ;
;     -- I/O registers                        ; 0         ;
;                                             ;           ;
; I/O pins                                    ; 129       ;
;                                             ;           ;
; Embedded Multiplier 9-bit elements          ; 0         ;
;                                             ;           ;
; Maximum fan-out node                        ; Clk~input ;
; Maximum fan-out                             ; 287       ;
; Total fan-out                               ; 3326      ;
; Average fan-out                             ; 2.69      ;
+---------------------------------------------+-----------+


+-----------------------------------------------------------------------------------------------------------------------------------------------------------------------------------------------------------------------------------------------------------+
; Analysis & Synthesis Resource Utilization by Entity                                                                                                                                                                                                       ;
+---------------------------------+---------------------+---------------------------+-------------+--------------+---------+-----------+------+--------------+---------------------------------------------------------------+---------------+--------------+
; Compilation Hierarchy Node      ; Combinational ALUTs ; Dedicated Logic Registers ; Memory Bits ; DSP Elements ; DSP 9x9 ; DSP 18x18 ; Pins ; Virtual Pins ; Full Hierarchy Name                                           ; Entity Name   ; Library Name ;
+---------------------------------+---------------------+---------------------------+-------------+--------------+---------+-----------+------+--------------+---------------------------------------------------------------+---------------+--------------+
; |lab6_toplevel                  ; 677 (0)             ; 287 (0)                   ; 0           ; 0            ; 0       ; 0         ; 129  ; 0            ; |lab6_toplevel                                                ; lab6_toplevel ; work         ;
;    |slc3:my_slc|                ; 677 (28)            ; 287 (0)                   ; 0           ; 0            ; 0       ; 0         ; 0    ; 0            ; |lab6_toplevel|slc3:my_slc                                    ; slc3          ; work         ;
;       |ADDR1_MUX:addr1mux|      ; 19 (19)             ; 0 (0)                     ; 0           ; 0            ; 0       ; 0         ; 0    ; 0            ; |lab6_toplevel|slc3:my_slc|ADDR1_MUX:addr1mux                 ; ADDR1_MUX     ; work         ;
;       |ADDR2_MUX:addr2mux|      ; 14 (14)             ; 0 (0)                     ; 0           ; 0            ; 0       ; 0         ; 0    ; 0            ; |lab6_toplevel|slc3:my_slc|ADDR2_MUX:addr2mux                 ; ADDR2_MUX     ; work         ;
;       |ALU_MUX:alu|             ; 16 (16)             ; 0 (0)                     ; 0           ; 0            ; 0       ; 0         ; 0    ; 0            ; |lab6_toplevel|slc3:my_slc|ALU_MUX:alu                        ; ALU_MUX       ; work         ;
;       |DatabusMUX:databusmux|   ; 51 (51)             ; 0 (0)                     ; 0           ; 0            ; 0       ; 0         ; 0    ; 0            ; |lab6_toplevel|slc3:my_slc|DatabusMUX:databusmux              ; DatabusMUX    ; work         ;
;       |HexDriver:hex_driver0|   ; 7 (7)               ; 0 (0)                     ; 0           ; 0            ; 0       ; 0         ; 0    ; 0            ; |lab6_toplevel|slc3:my_slc|HexDriver:hex_driver0              ; HexDriver     ; work         ;
;       |HexDriver:hex_driver1|   ; 7 (7)               ; 0 (0)                     ; 0           ; 0            ; 0       ; 0         ; 0    ; 0            ; |lab6_toplevel|slc3:my_slc|HexDriver:hex_driver1              ; HexDriver     ; work         ;
;       |HexDriver:hex_driver2|   ; 7 (7)               ; 0 (0)                     ; 0           ; 0            ; 0       ; 0         ; 0    ; 0            ; |lab6_toplevel|slc3:my_slc|HexDriver:hex_driver2              ; HexDriver     ; work         ;
;       |HexDriver:hex_driver3|   ; 7 (7)               ; 0 (0)                     ; 0           ; 0            ; 0       ; 0         ; 0    ; 0            ; |lab6_toplevel|slc3:my_slc|HexDriver:hex_driver3              ; HexDriver     ; work         ;
;       |HexDriver:hex_driver4|   ; 7 (7)               ; 0 (0)                     ; 0           ; 0            ; 0       ; 0         ; 0    ; 0            ; |lab6_toplevel|slc3:my_slc|HexDriver:hex_driver4              ; HexDriver     ; work         ;
;       |HexDriver:hex_driver5|   ; 7 (7)               ; 0 (0)                     ; 0           ; 0            ; 0       ; 0         ; 0    ; 0            ; |lab6_toplevel|slc3:my_slc|HexDriver:hex_driver5              ; HexDriver     ; work         ;
;       |HexDriver:hex_driver6|   ; 7 (7)               ; 0 (0)                     ; 0           ; 0            ; 0       ; 0         ; 0    ; 0            ; |lab6_toplevel|slc3:my_slc|HexDriver:hex_driver6              ; HexDriver     ; work         ;
;       |HexDriver:hex_driver7|   ; 7 (7)               ; 0 (0)                     ; 0           ; 0            ; 0       ; 0         ; 0    ; 0            ; |lab6_toplevel|slc3:my_slc|HexDriver:hex_driver7              ; HexDriver     ; work         ;
;       |ISDU:state_controller|   ; 49 (49)             ; 24 (24)                   ; 0           ; 0            ; 0       ; 0         ; 0    ; 0            ; |lab6_toplevel|slc3:my_slc|ISDU:state_controller              ; ISDU          ; work         ;
;       |Mem2IO:memory_subsystem| ; 22 (22)             ; 16 (16)                   ; 0           ; 0            ; 0       ; 0         ; 0    ; 0            ; |lab6_toplevel|slc3:my_slc|Mem2IO:memory_subsystem            ; Mem2IO        ; work         ;
;       |SR1_MUX:sr1mux|          ; 3 (3)               ; 0 (0)                     ; 0           ; 0            ; 0       ; 0         ; 0    ; 0            ; |lab6_toplevel|slc3:my_slc|SR1_MUX:sr1mux                     ; SR1_MUX       ; work         ;
;       |SR2_MUX:sr2mux|          ; 94 (94)             ; 0 (0)                     ; 0           ; 0            ; 0       ; 0         ; 0    ; 0            ; |lab6_toplevel|slc3:my_slc|SR2_MUX:sr2mux                     ; SR2_MUX       ; work         ;
;       |reg_16:IRreg|            ; 17 (17)             ; 16 (16)                   ; 0           ; 0            ; 0       ; 0         ; 0    ; 0            ; |lab6_toplevel|slc3:my_slc|reg_16:IRreg                       ; reg_16        ; work         ;
;       |reg_16:MARreg|           ; 18 (18)             ; 16 (16)                   ; 0           ; 0            ; 0       ; 0         ; 0    ; 0            ; |lab6_toplevel|slc3:my_slc|reg_16:MARreg                      ; reg_16        ; work         ;
;       |reg_16:MDRreg|           ; 33 (33)             ; 16 (16)                   ; 0           ; 0            ; 0       ; 0         ; 0    ; 0            ; |lab6_toplevel|slc3:my_slc|reg_16:MDRreg                      ; reg_16        ; work         ;
;       |reg_16:PCreg|            ; 17 (17)             ; 16 (16)                   ; 0           ; 0            ; 0       ; 0         ; 0    ; 0            ; |lab6_toplevel|slc3:my_slc|reg_16:PCreg                       ; reg_16        ; work         ;
;       |reg_file:reg_file_unit|  ; 226 (90)            ; 128 (0)                   ; 0           ; 0            ; 0       ; 0         ; 0    ; 0            ; |lab6_toplevel|slc3:my_slc|reg_file:reg_file_unit             ; reg_file      ; work         ;
;          |reg_16:Reg0|          ; 17 (17)             ; 16 (16)                   ; 0           ; 0            ; 0       ; 0         ; 0    ; 0            ; |lab6_toplevel|slc3:my_slc|reg_file:reg_file_unit|reg_16:Reg0 ; reg_16        ; work         ;
;          |reg_16:Reg1|          ; 17 (17)             ; 16 (16)                   ; 0           ; 0            ; 0       ; 0         ; 0    ; 0            ; |lab6_toplevel|slc3:my_slc|reg_file:reg_file_unit|reg_16:Reg1 ; reg_16        ; work         ;
;          |reg_16:Reg2|          ; 17 (17)             ; 16 (16)                   ; 0           ; 0            ; 0       ; 0         ; 0    ; 0            ; |lab6_toplevel|slc3:my_slc|reg_file:reg_file_unit|reg_16:Reg2 ; reg_16        ; work         ;
;          |reg_16:Reg3|          ; 17 (17)             ; 16 (16)                   ; 0           ; 0            ; 0       ; 0         ; 0    ; 0            ; |lab6_toplevel|slc3:my_slc|reg_file:reg_file_unit|reg_16:Reg3 ; reg_16        ; work         ;
;          |reg_16:Reg4|          ; 17 (17)             ; 16 (16)                   ; 0           ; 0            ; 0       ; 0         ; 0    ; 0            ; |lab6_toplevel|slc3:my_slc|reg_file:reg_file_unit|reg_16:Reg4 ; reg_16        ; work         ;
;          |reg_16:Reg5|          ; 17 (17)             ; 16 (16)                   ; 0           ; 0            ; 0       ; 0         ; 0    ; 0            ; |lab6_toplevel|slc3:my_slc|reg_file:reg_file_unit|reg_16:Reg5 ; reg_16        ; work         ;
;          |reg_16:Reg6|          ; 17 (17)             ; 16 (16)                   ; 0           ; 0            ; 0       ; 0         ; 0    ; 0            ; |lab6_toplevel|slc3:my_slc|reg_file:reg_file_unit|reg_16:Reg6 ; reg_16        ; work         ;
;          |reg_16:Reg7|          ; 17 (17)             ; 16 (16)                   ; 0           ; 0            ; 0       ; 0         ; 0    ; 0            ; |lab6_toplevel|slc3:my_slc|reg_file:reg_file_unit|reg_16:Reg7 ; reg_16        ; work         ;
;       |setBEN:setben|           ; 3 (3)               ; 1 (1)                     ; 0           ; 0            ; 0       ; 0         ; 0    ; 0            ; |lab6_toplevel|slc3:my_slc|setBEN:setben                      ; setBEN        ; work         ;
;       |setCC:setcc|             ; 8 (8)               ; 3 (3)                     ; 0           ; 0            ; 0       ; 0         ; 0    ; 0            ; |lab6_toplevel|slc3:my_slc|setCC:setcc                        ; setCC         ; work         ;
;       |sync:Din_sync[0]|        ; 0 (0)               ; 1 (1)                     ; 0           ; 0            ; 0       ; 0         ; 0    ; 0            ; |lab6_toplevel|slc3:my_slc|sync:Din_sync[0]                   ; sync          ; work         ;
;       |sync:Din_sync[10]|       ; 0 (0)               ; 1 (1)                     ; 0           ; 0            ; 0       ; 0         ; 0    ; 0            ; |lab6_toplevel|slc3:my_slc|sync:Din_sync[10]                  ; sync          ; work         ;
;       |sync:Din_sync[11]|       ; 0 (0)               ; 1 (1)                     ; 0           ; 0            ; 0       ; 0         ; 0    ; 0            ; |lab6_toplevel|slc3:my_slc|sync:Din_sync[11]                  ; sync          ; work         ;
;       |sync:Din_sync[12]|       ; 0 (0)               ; 1 (1)                     ; 0           ; 0            ; 0       ; 0         ; 0    ; 0            ; |lab6_toplevel|slc3:my_slc|sync:Din_sync[12]                  ; sync          ; work         ;
;       |sync:Din_sync[13]|       ; 0 (0)               ; 1 (1)                     ; 0           ; 0            ; 0       ; 0         ; 0    ; 0            ; |lab6_toplevel|slc3:my_slc|sync:Din_sync[13]                  ; sync          ; work         ;
;       |sync:Din_sync[14]|       ; 0 (0)               ; 1 (1)                     ; 0           ; 0            ; 0       ; 0         ; 0    ; 0            ; |lab6_toplevel|slc3:my_slc|sync:Din_sync[14]                  ; sync          ; work         ;
;       |sync:Din_sync[15]|       ; 0 (0)               ; 1 (1)                     ; 0           ; 0            ; 0       ; 0         ; 0    ; 0            ; |lab6_toplevel|slc3:my_slc|sync:Din_sync[15]                  ; sync          ; work         ;
;       |sync:Din_sync[1]|        ; 0 (0)               ; 1 (1)                     ; 0           ; 0            ; 0       ; 0         ; 0    ; 0            ; |lab6_toplevel|slc3:my_slc|sync:Din_sync[1]                   ; sync          ; work         ;
;       |sync:Din_sync[2]|        ; 0 (0)               ; 1 (1)                     ; 0           ; 0            ; 0       ; 0         ; 0    ; 0            ; |lab6_toplevel|slc3:my_slc|sync:Din_sync[2]                   ; sync          ; work         ;
;       |sync:Din_sync[3]|        ; 0 (0)               ; 1 (1)                     ; 0           ; 0            ; 0       ; 0         ; 0    ; 0            ; |lab6_toplevel|slc3:my_slc|sync:Din_sync[3]                   ; sync          ; work         ;
;       |sync:Din_sync[4]|        ; 0 (0)               ; 1 (1)                     ; 0           ; 0            ; 0       ; 0         ; 0    ; 0            ; |lab6_toplevel|slc3:my_slc|sync:Din_sync[4]                   ; sync          ; work         ;
;       |sync:Din_sync[5]|        ; 0 (0)               ; 1 (1)                     ; 0           ; 0            ; 0       ; 0         ; 0    ; 0            ; |lab6_toplevel|slc3:my_slc|sync:Din_sync[5]                   ; sync          ; work         ;
;       |sync:Din_sync[6]|        ; 0 (0)               ; 1 (1)                     ; 0           ; 0            ; 0       ; 0         ; 0    ; 0            ; |lab6_toplevel|slc3:my_slc|sync:Din_sync[6]                   ; sync          ; work         ;
;       |sync:Din_sync[7]|        ; 0 (0)               ; 1 (1)                     ; 0           ; 0            ; 0       ; 0         ; 0    ; 0            ; |lab6_toplevel|slc3:my_slc|sync:Din_sync[7]                   ; sync          ; work         ;
;       |sync:Din_sync[8]|        ; 0 (0)               ; 1 (1)                     ; 0           ; 0            ; 0       ; 0         ; 0    ; 0            ; |lab6_toplevel|slc3:my_slc|sync:Din_sync[8]                   ; sync          ; work         ;
;       |sync:Din_sync[9]|        ; 0 (0)               ; 1 (1)                     ; 0           ; 0            ; 0       ; 0         ; 0    ; 0            ; |lab6_toplevel|slc3:my_slc|sync:Din_sync[9]                   ; sync          ; work         ;
;       |sync:button_sync[0]|     ; 1 (1)               ; 1 (1)                     ; 0           ; 0            ; 0       ; 0         ; 0    ; 0            ; |lab6_toplevel|slc3:my_slc|sync:button_sync[0]                ; sync          ; work         ;
;       |sync:button_sync[1]|     ; 1 (1)               ; 1 (1)                     ; 0           ; 0            ; 0       ; 0         ; 0    ; 0            ; |lab6_toplevel|slc3:my_slc|sync:button_sync[1]                ; sync          ; work         ;
;       |sync:button_sync[2]|     ; 1 (1)               ; 1 (1)                     ; 0           ; 0            ; 0       ; 0         ; 0    ; 0            ; |lab6_toplevel|slc3:my_slc|sync:button_sync[2]                ; sync          ; work         ;
;       |tristate:tr0|            ; 0 (0)               ; 32 (32)                   ; 0           ; 0            ; 0       ; 0         ; 0    ; 0            ; |lab6_toplevel|slc3:my_slc|tristate:tr0                       ; tristate      ; work         ;
+---------------------------------+---------------------+---------------------------+-------------+--------------+---------+-----------+------+--------------+---------------------------------------------------------------+---------------+--------------+
Note: For table entries with two numbers listed, the numbers in parentheses indicate the number of resources of the given type used by the specific entity alone. The numbers listed outside of parentheses indicate the total resources of the given type used by the specific entity and all of its sub-entities in the hierarchy.


Encoding Type:  One-Hot
+------------------------------------------------------------------------------------------------------------------------------------------------------------------------------------------------------------------------------------------------------------------------------------------------------------------------------------------------------------------------------------------------------------------------------+
; State Machine - |lab6_toplevel|slc3:my_slc|ISDU:state_controller|State                                                                                                                                                                                                                                                                                                                                                       ;
+------------------+------------------+------------------+----------------+----------------+----------------+------------------+------------------+----------------+----------------+----------------+----------------+---------------+---------------+----------------+----------------+----------------+------------+------------+--------------+--------------+------------+----------------+----------------+--------------+
; Name             ; State.S_16_STR_2 ; State.S_16_STR_1 ; State.S_23_STR ; State.S_07_STR ; State.S_27_LDR ; State.S_25_LDR_2 ; State.S_25_LDR_1 ; State.S_06_LDR ; State.S_21_JSR ; State.S_04_JSR ; State.S_12_JMP ; State.S_22_BR ; State.S_00_BR ; State.S_09_NOT ; State.S_05_AND ; State.S_01_ADD ; State.S_32 ; State.S_35 ; State.S_33_2 ; State.S_33_1 ; State.S_18 ; State.PauseIR2 ; State.PauseIR1 ; State.Halted ;
+------------------+------------------+------------------+----------------+----------------+----------------+------------------+------------------+----------------+----------------+----------------+----------------+---------------+---------------+----------------+----------------+----------------+------------+------------+--------------+--------------+------------+----------------+----------------+--------------+
; State.Halted     ; 0                ; 0                ; 0              ; 0              ; 0              ; 0                ; 0                ; 0              ; 0              ; 0              ; 0              ; 0             ; 0             ; 0              ; 0              ; 0              ; 0          ; 0          ; 0            ; 0            ; 0          ; 0              ; 0              ; 0            ;
; State.PauseIR1   ; 0                ; 0                ; 0              ; 0              ; 0              ; 0                ; 0                ; 0              ; 0              ; 0              ; 0              ; 0             ; 0             ; 0              ; 0              ; 0              ; 0          ; 0          ; 0            ; 0            ; 0          ; 0              ; 1              ; 1            ;
; State.PauseIR2   ; 0                ; 0                ; 0              ; 0              ; 0              ; 0                ; 0                ; 0              ; 0              ; 0              ; 0              ; 0             ; 0             ; 0              ; 0              ; 0              ; 0          ; 0          ; 0            ; 0            ; 0          ; 1              ; 0              ; 1            ;
; State.S_18       ; 0                ; 0                ; 0              ; 0              ; 0              ; 0                ; 0                ; 0              ; 0              ; 0              ; 0              ; 0             ; 0             ; 0              ; 0              ; 0              ; 0          ; 0          ; 0            ; 0            ; 1          ; 0              ; 0              ; 1            ;
; State.S_33_1     ; 0                ; 0                ; 0              ; 0              ; 0              ; 0                ; 0                ; 0              ; 0              ; 0              ; 0              ; 0             ; 0             ; 0              ; 0              ; 0              ; 0          ; 0          ; 0            ; 1            ; 0          ; 0              ; 0              ; 1            ;
; State.S_33_2     ; 0                ; 0                ; 0              ; 0              ; 0              ; 0                ; 0                ; 0              ; 0              ; 0              ; 0              ; 0             ; 0             ; 0              ; 0              ; 0              ; 0          ; 0          ; 1            ; 0            ; 0          ; 0              ; 0              ; 1            ;
; State.S_35       ; 0                ; 0                ; 0              ; 0              ; 0              ; 0                ; 0                ; 0              ; 0              ; 0              ; 0              ; 0             ; 0             ; 0              ; 0              ; 0              ; 0          ; 1          ; 0            ; 0            ; 0          ; 0              ; 0              ; 1            ;
; State.S_32       ; 0                ; 0                ; 0              ; 0              ; 0              ; 0                ; 0                ; 0              ; 0              ; 0              ; 0              ; 0             ; 0             ; 0              ; 0              ; 0              ; 1          ; 0          ; 0            ; 0            ; 0          ; 0              ; 0              ; 1            ;
; State.S_01_ADD   ; 0                ; 0                ; 0              ; 0              ; 0              ; 0                ; 0                ; 0              ; 0              ; 0              ; 0              ; 0             ; 0             ; 0              ; 0              ; 1              ; 0          ; 0          ; 0            ; 0            ; 0          ; 0              ; 0              ; 1            ;
; State.S_05_AND   ; 0                ; 0                ; 0              ; 0              ; 0              ; 0                ; 0                ; 0              ; 0              ; 0              ; 0              ; 0             ; 0             ; 0              ; 1              ; 0              ; 0          ; 0          ; 0            ; 0            ; 0          ; 0              ; 0              ; 1            ;
; State.S_09_NOT   ; 0                ; 0                ; 0              ; 0              ; 0              ; 0                ; 0                ; 0              ; 0              ; 0              ; 0              ; 0             ; 0             ; 1              ; 0              ; 0              ; 0          ; 0          ; 0            ; 0            ; 0          ; 0              ; 0              ; 1            ;
; State.S_00_BR    ; 0                ; 0                ; 0              ; 0              ; 0              ; 0                ; 0                ; 0              ; 0              ; 0              ; 0              ; 0             ; 1             ; 0              ; 0              ; 0              ; 0          ; 0          ; 0            ; 0            ; 0          ; 0              ; 0              ; 1            ;
; State.S_22_BR    ; 0                ; 0                ; 0              ; 0              ; 0              ; 0                ; 0                ; 0              ; 0              ; 0              ; 0              ; 1             ; 0             ; 0              ; 0              ; 0              ; 0          ; 0          ; 0            ; 0            ; 0          ; 0              ; 0              ; 1            ;
; State.S_12_JMP   ; 0                ; 0                ; 0              ; 0              ; 0              ; 0                ; 0                ; 0              ; 0              ; 0              ; 1              ; 0             ; 0             ; 0              ; 0              ; 0              ; 0          ; 0          ; 0            ; 0            ; 0          ; 0              ; 0              ; 1            ;
; State.S_04_JSR   ; 0                ; 0                ; 0              ; 0              ; 0              ; 0                ; 0                ; 0              ; 0              ; 1              ; 0              ; 0             ; 0             ; 0              ; 0              ; 0              ; 0          ; 0          ; 0            ; 0            ; 0          ; 0              ; 0              ; 1            ;
; State.S_21_JSR   ; 0                ; 0                ; 0              ; 0              ; 0              ; 0                ; 0                ; 0              ; 1              ; 0              ; 0              ; 0             ; 0             ; 0              ; 0              ; 0              ; 0          ; 0          ; 0            ; 0            ; 0          ; 0              ; 0              ; 1            ;
; State.S_06_LDR   ; 0                ; 0                ; 0              ; 0              ; 0              ; 0                ; 0                ; 1              ; 0              ; 0              ; 0              ; 0             ; 0             ; 0              ; 0              ; 0              ; 0          ; 0          ; 0            ; 0            ; 0          ; 0              ; 0              ; 1            ;
; State.S_25_LDR_1 ; 0                ; 0                ; 0              ; 0              ; 0              ; 0                ; 1                ; 0              ; 0              ; 0              ; 0              ; 0             ; 0             ; 0              ; 0              ; 0              ; 0          ; 0          ; 0            ; 0            ; 0          ; 0              ; 0              ; 1            ;
; State.S_25_LDR_2 ; 0                ; 0                ; 0              ; 0              ; 0              ; 1                ; 0                ; 0              ; 0              ; 0              ; 0              ; 0             ; 0             ; 0              ; 0              ; 0              ; 0          ; 0          ; 0            ; 0            ; 0          ; 0              ; 0              ; 1            ;
; State.S_27_LDR   ; 0                ; 0                ; 0              ; 0              ; 1              ; 0                ; 0                ; 0              ; 0              ; 0              ; 0              ; 0             ; 0             ; 0              ; 0              ; 0              ; 0          ; 0          ; 0            ; 0            ; 0          ; 0              ; 0              ; 1            ;
; State.S_07_STR   ; 0                ; 0                ; 0              ; 1              ; 0              ; 0                ; 0                ; 0              ; 0              ; 0              ; 0              ; 0             ; 0             ; 0              ; 0              ; 0              ; 0          ; 0          ; 0            ; 0            ; 0          ; 0              ; 0              ; 1            ;
; State.S_23_STR   ; 0                ; 0                ; 1              ; 0              ; 0              ; 0                ; 0                ; 0              ; 0              ; 0              ; 0              ; 0             ; 0             ; 0              ; 0              ; 0              ; 0          ; 0          ; 0            ; 0            ; 0          ; 0              ; 0              ; 1            ;
; State.S_16_STR_1 ; 0                ; 1                ; 0              ; 0              ; 0              ; 0                ; 0                ; 0              ; 0              ; 0              ; 0              ; 0             ; 0             ; 0              ; 0              ; 0              ; 0          ; 0          ; 0            ; 0            ; 0          ; 0              ; 0              ; 1            ;
; State.S_16_STR_2 ; 1                ; 0                ; 0              ; 0              ; 0              ; 0                ; 0                ; 0              ; 0              ; 0              ; 0              ; 0             ; 0             ; 0              ; 0              ; 0              ; 0          ; 0          ; 0            ; 0            ; 0          ; 0              ; 0              ; 1            ;
+------------------+------------------+------------------+----------------+----------------+----------------+------------------+------------------+----------------+----------------+----------------+----------------+---------------+---------------+----------------+----------------+----------------+------------+------------+--------------+--------------+------------+----------------+----------------+--------------+


+----------------------------------------------------------------+
; Registers Removed During Synthesis                             ;
+-------------------------------------------+--------------------+
; Register name                             ; Reason for Removal ;
+-------------------------------------------+--------------------+
; slc3:my_slc|ISDU:state_controller|State~2 ; Lost fanout        ;
; slc3:my_slc|ISDU:state_controller|State~3 ; Lost fanout        ;
; slc3:my_slc|ISDU:state_controller|State~4 ; Lost fanout        ;
; slc3:my_slc|ISDU:state_controller|State~5 ; Lost fanout        ;
; slc3:my_slc|ISDU:state_controller|State~6 ; Lost fanout        ;
; Total Number of Removed Registers = 5     ;                    ;
+-------------------------------------------+--------------------+


+------------------------------------------------------+
; General Register Statistics                          ;
+----------------------------------------------+-------+
; Statistic                                    ; Value ;
+----------------------------------------------+-------+
; Total registers                              ; 287   ;
; Number of registers using Synchronous Clear  ; 34    ;
; Number of registers using Synchronous Load   ; 32    ;
; Number of registers using Asynchronous Clear ; 0     ;
; Number of registers using Asynchronous Load  ; 0     ;
; Number of registers using Clock Enable       ; 211   ;
; Number of registers using Preset             ; 0     ;
+----------------------------------------------+-------+


+------------------------------------------------------------------------------------------------------------------------------------------------------------------------------------------+
; Multiplexer Restructuring Statistics (Restructuring Performed)                                                                                                                           ;
+--------------------+-----------+---------------+----------------------+------------------------+------------+----------------------------------------------------------------------------+
; Multiplexer Inputs ; Bus Width ; Baseline Area ; Area if Restructured ; Saving if Restructured ; Registered ; Example Multiplexer Output                                                 ;
+--------------------+-----------+---------------+----------------------+------------------------+------------+----------------------------------------------------------------------------+
; 3:1                ; 16 bits   ; 32 LEs        ; 16 LEs               ; 16 LEs                 ; Yes        ; |lab6_toplevel|slc3:my_slc|reg_16:IRreg|Data_out[10]                       ;
; 3:1                ; 16 bits   ; 32 LEs        ; 16 LEs               ; 16 LEs                 ; Yes        ; |lab6_toplevel|slc3:my_slc|reg_16:MARreg|Data_out[3]                       ;
; 3:1                ; 16 bits   ; 32 LEs        ; 16 LEs               ; 16 LEs                 ; Yes        ; |lab6_toplevel|slc3:my_slc|reg_file:reg_file_unit|reg_16:Reg0|Data_out[13] ;
; 3:1                ; 16 bits   ; 32 LEs        ; 16 LEs               ; 16 LEs                 ; Yes        ; |lab6_toplevel|slc3:my_slc|reg_file:reg_file_unit|reg_16:Reg1|Data_out[13] ;
; 3:1                ; 16 bits   ; 32 LEs        ; 16 LEs               ; 16 LEs                 ; Yes        ; |lab6_toplevel|slc3:my_slc|reg_file:reg_file_unit|reg_16:Reg2|Data_out[7]  ;
; 3:1                ; 16 bits   ; 32 LEs        ; 16 LEs               ; 16 LEs                 ; Yes        ; |lab6_toplevel|slc3:my_slc|reg_file:reg_file_unit|reg_16:Reg3|Data_out[3]  ;
; 3:1                ; 16 bits   ; 32 LEs        ; 16 LEs               ; 16 LEs                 ; Yes        ; |lab6_toplevel|slc3:my_slc|reg_file:reg_file_unit|reg_16:Reg4|Data_out[3]  ;
; 3:1                ; 16 bits   ; 32 LEs        ; 16 LEs               ; 16 LEs                 ; Yes        ; |lab6_toplevel|slc3:my_slc|reg_file:reg_file_unit|reg_16:Reg5|Data_out[8]  ;
; 3:1                ; 16 bits   ; 32 LEs        ; 16 LEs               ; 16 LEs                 ; Yes        ; |lab6_toplevel|slc3:my_slc|reg_file:reg_file_unit|reg_16:Reg6|Data_out[13] ;
; 3:1                ; 16 bits   ; 32 LEs        ; 16 LEs               ; 16 LEs                 ; Yes        ; |lab6_toplevel|slc3:my_slc|reg_file:reg_file_unit|reg_16:Reg7|Data_out[12] ;
; 3:1                ; 16 bits   ; 32 LEs        ; 16 LEs               ; 16 LEs                 ; Yes        ; |lab6_toplevel|slc3:my_slc|Mem2IO:memory_subsystem|hex_data[4]             ;
; 4:1                ; 16 bits   ; 32 LEs        ; 32 LEs               ; 0 LEs                  ; Yes        ; |lab6_toplevel|slc3:my_slc|reg_16:PCreg|Data_out[0]                        ;
; 6:1                ; 16 bits   ; 64 LEs        ; 32 LEs               ; 32 LEs                 ; Yes        ; |lab6_toplevel|slc3:my_slc|reg_16:MDRreg|Data_out[0]                       ;
; 3:1                ; 2 bits    ; 4 LEs         ; 4 LEs                ; 0 LEs                  ; No         ; |lab6_toplevel|slc3:my_slc|ADDR2_MUX:addr2mux|Mux6                         ;
; 8:1                ; 16 bits   ; 80 LEs        ; 80 LEs               ; 0 LEs                  ; No         ; |lab6_toplevel|slc3:my_slc|reg_file:reg_file_unit|Mux0                     ;
; 9:1                ; 16 bits   ; 96 LEs        ; 96 LEs               ; 0 LEs                  ; No         ; |lab6_toplevel|slc3:my_slc|SR2_MUX:sr2mux|SR2MUX_out[4]                    ;
; 6:1                ; 16 bits   ; 64 LEs        ; 64 LEs               ; 0 LEs                  ; No         ; |lab6_toplevel|slc3:my_slc|DatabusMUX:databusmux|bus_data[5]               ;
; 8:1                ; 2 bits    ; 10 LEs        ; 4 LEs                ; 6 LEs                  ; No         ; |lab6_toplevel|slc3:my_slc|ISDU:state_controller|State                     ;
; 9:1                ; 9 bits    ; 54 LEs        ; 18 LEs               ; 36 LEs                 ; No         ; |lab6_toplevel|slc3:my_slc|ISDU:state_controller|State                     ;
+--------------------+-----------+---------------+----------------------+------------------------+------------+----------------------------------------------------------------------------+


+-----------------------------------------------------------------------+
; Parameter Settings for User Entity Instance: slc3:my_slc|tristate:tr0 ;
+----------------+-------+----------------------------------------------+
; Parameter Name ; Value ; Type                                         ;
+----------------+-------+----------------------------------------------+
; N              ; 16    ; Signed Integer                               ;
+----------------+-------+----------------------------------------------+
Note: In order to hide this table in the UI and the text report file, please set the "Show Parameter Settings in Synthesis Report" option in "Analysis and Synthesis Settings -> More Settings" to "Off".


+-------------------------------------------------------------------------+
; Parameter Settings for User Entity Instance: test_memory:my_test_memory ;
+----------------+-------+------------------------------------------------+
; Parameter Name ; Value ; Type                                           ;
+----------------+-------+------------------------------------------------+
; size           ; 256   ; Signed Integer                                 ;
; init_external  ; 0     ; Signed Integer                                 ;
+----------------+-------+------------------------------------------------+
Note: In order to hide this table in the UI and the text report file, please set the "Show Parameter Settings in Synthesis Report" option in "Analysis and Synthesis Settings -> More Settings" to "Off".


+----------------------------------------------------------------------------------------------+
; Parameter Settings for User Entity Instance: test_memory:my_test_memory|memory_parser:parser ;
+----------------+-------+---------------------------------------------------------------------+
; Parameter Name ; Value ; Type                                                                ;
+----------------+-------+---------------------------------------------------------------------+
; size           ; 256   ; Signed Integer                                                      ;
+----------------+-------+---------------------------------------------------------------------+
Note: In order to hide this table in the UI and the text report file, please set the "Show Parameter Settings in Synthesis Report" option in "Analysis and Synthesis Settings -> More Settings" to "Off".


+-----------------------------------------------------------------+
; Port Connectivity Checks: "slc3:my_slc|Mem2IO:memory_subsystem" ;
+--------------+-------+----------+-------------------------------+
; Port         ; Type  ; Severity ; Details                       ;
+--------------+-------+----------+-------------------------------+
; ADDR[19..16] ; Input ; Info     ; Stuck at GND                  ;
+--------------+-------+----------+-------------------------------+


+-----------------------------------------------------+
; Post-Synthesis Netlist Statistics for Top Partition ;
+-----------------------+-----------------------------+
; Type                  ; Count                       ;
+-----------------------+-----------------------------+
; boundary_port         ; 129                         ;
; cycloneiii_ff         ; 287                         ;
;     ENA               ; 179                         ;
;     ENA SCLR SLD      ; 32                          ;
;     SCLR              ; 2                           ;
;     plain             ; 74                          ;
; cycloneiii_io_obuf    ; 16                          ;
; cycloneiii_lcell_comb ; 688                         ;
;     arith             ; 45                          ;
;         2 data inputs ; 15                          ;
;         3 data inputs ; 30                          ;
;     normal            ; 643                         ;
;         0 data inputs ; 1                           ;
;         1 data inputs ; 14                          ;
;         2 data inputs ; 181                         ;
;         3 data inputs ; 94                          ;
;         4 data inputs ; 353                         ;
;                       ;                             ;
; Max LUT depth         ; 13.10                       ;
; Average LUT depth     ; 7.41                        ;
+-----------------------+-----------------------------+


+-------------------------------+
; Elapsed Time Per Partition    ;
+----------------+--------------+
; Partition Name ; Elapsed Time ;
+----------------+--------------+
; Top            ; 00:00:02     ;
+----------------+--------------+


+-------------------------------+
; Analysis & Synthesis Messages ;
+-------------------------------+
Info: *******************************************************************
Info: Running Quartus Prime Analysis & Synthesis
    Info: Version 18.0.0 Build 614 04/24/2018 SJ Lite Edition
    Info: Processing started: Mon Mar 04 18:50:10 2019
Info: Command: quartus_map --read_settings_files=on --write_settings_files=off lab6 -c lab6
Warning (18236): Number of processors has not been specified which may cause overloading on shared machines.  Set the global assignment NUM_PARALLEL_PROCESSORS in your QSF to an appropriate value for best performance.
Info (20030): Parallel compilation is enabled and will use 4 of the 4 processors detected
Info (12021): Found 1 design units, including 1 entities, in source file setcc.sv
    Info (12023): Found entity 1: setCC File: F:/lab6_demo2/setCC.sv Line: 1
Info (12021): Found 1 design units, including 1 entities, in source file addr2_mux.sv
    Info (12023): Found entity 1: ADDR2_MUX File: F:/lab6_demo2/ADDR2_MUX.sv Line: 1
Info (12021): Found 1 design units, including 1 entities, in source file addr1_mux.sv
    Info (12023): Found entity 1: ADDR1_MUX File: F:/lab6_demo2/ADDR1_MUX.sv Line: 1
Info (12021): Found 1 design units, including 1 entities, in source file tristate.sv
    Info (12023): Found entity 1: tristate File: F:/lab6_demo2/tristate.sv Line: 16
Info (12021): Found 1 design units, including 1 entities, in source file test_memory.sv
    Info (12023): Found entity 1: test_memory File: F:/lab6_demo2/test_memory.sv Line: 22
Info (12021): Found 1 design units, including 0 entities, in source file slc3_2.sv
    Info (12022): Found design unit 1: SLC3_2 (SystemVerilog) File: F:/lab6_demo2/SLC3_2.sv Line: 24
Info (12021): Found 1 design units, including 1 entities, in source file slc3.sv
    Info (12023): Found entity 1: slc3 File: F:/lab6_demo2/slc3.sv Line: 19
Info (12021): Found 1 design units, including 1 entities, in source file memory_contents.sv
    Info (12023): Found entity 1: memory_parser File: F:/lab6_demo2/memory_contents.sv Line: 16
Info (12021): Found 1 design units, including 1 entities, in source file mem2io.sv
    Info (12023): Found entity 1: Mem2IO File: F:/lab6_demo2/Mem2IO.sv Line: 16
Info (12021): Found 1 design units, including 1 entities, in source file lab6_toplevel.sv
    Info (12023): Found entity 1: lab6_toplevel File: F:/lab6_demo2/lab6_toplevel.sv Line: 10
Info (12021): Found 1 design units, including 1 entities, in source file isdu.sv
    Info (12023): Found entity 1: ISDU File: F:/lab6_demo2/ISDU.sv Line: 19
Info (12021): Found 1 design units, including 1 entities, in source file datapath.sv
    Info (12023): Found entity 1: datapath File: F:/lab6_demo2/datapath.sv Line: 1
Info (12021): Found 1 design units, including 1 entities, in source file reg_16.sv
    Info (12023): Found entity 1: reg_16 File: F:/lab6_demo2/reg_16.sv Line: 1
Info (12021): Found 1 design units, including 1 entities, in source file hexdriver.sv
    Info (12023): Found entity 1: HexDriver File: F:/lab6_demo2/HexDriver.sv Line: 1
Info (12021): Found 1 design units, including 1 entities, in source file testbench.sv
    Info (12023): Found entity 1: testbench File: F:/lab6_demo2/testbench.sv Line: 1
Info (12021): Found 1 design units, including 1 entities, in source file register_file.sv
    Info (12023): Found entity 1: reg_file File: F:/lab6_demo2/register_file.sv Line: 1
Info (12021): Found 1 design units, including 1 entities, in source file alu_mux.sv
    Info (12023): Found entity 1: ALU_MUX File: F:/lab6_demo2/ALU_mux.sv Line: 1
Info (12021): Found 1 design units, including 1 entities, in source file databusmux.sv
    Info (12023): Found entity 1: DatabusMUX File: F:/lab6_demo2/databusMUX.sv Line: 2
Info (12021): Found 1 design units, including 1 entities, in source file pcmux.sv
    Info (12023): Found entity 1: PC_MUX File: F:/lab6_demo2/PCMUX.sv Line: 1
Info (12021): Found 1 design units, including 1 entities, in source file drmux.sv
    Info (12023): Found entity 1: DR_MUX File: F:/lab6_demo2/DRMUX.sv Line: 2
Info (12021): Found 1 design units, including 1 entities, in source file sr1mux.sv
    Info (12023): Found entity 1: SR1_MUX File: F:/lab6_demo2/SR1mux.sv Line: 1
Info (12021): Found 1 design units, including 1 entities, in source file sr2mux.sv
    Info (12023): Found entity 1: SR2_MUX File: F:/lab6_demo2/SR2mux.sv Line: 1
Info (12021): Found 1 design units, including 1 entities, in source file setben.sv
    Info (12023): Found entity 1: setBEN File: F:/lab6_demo2/setBEN.sv Line: 1
Info (12021): Found 1 design units, including 1 entities, in source file pc_next.sv
    Info (12023): Found entity 1: PC_next File: F:/lab6_demo2/PC_next.sv Line: 1
Info (12021): Found 3 design units, including 3 entities, in source file synchronizers.sv
    Info (12023): Found entity 1: sync File: F:/lab6_demo2/synchronizers.sv Line: 4
    Info (12023): Found entity 2: sync_r0 File: F:/lab6_demo2/synchronizers.sv Line: 18
    Info (12023): Found entity 3: sync_r1 File: F:/lab6_demo2/synchronizers.sv Line: 39
Info (12127): Elaborating entity "lab6_toplevel" for the top level hierarchy
Info (12128): Elaborating entity "slc3" for hierarchy "slc3:my_slc" File: F:/lab6_demo2/lab6_toplevel.sv Line: 18
Info (12128): Elaborating entity "PC_MUX" for hierarchy "slc3:my_slc|PC_MUX:pcmux" File: F:/lab6_demo2/slc3.sv Line: 72
Info (12128): Elaborating entity "ALU_MUX" for hierarchy "slc3:my_slc|ALU_MUX:alu" File: F:/lab6_demo2/slc3.sv Line: 74
Info (12128): Elaborating entity "DatabusMUX" for hierarchy "slc3:my_slc|DatabusMUX:databusmux" File: F:/lab6_demo2/slc3.sv Line: 75
Info (12128): Elaborating entity "SR1_MUX" for hierarchy "slc3:my_slc|SR1_MUX:sr1mux" File: F:/lab6_demo2/slc3.sv Line: 76
Info (12128): Elaborating entity "SR2_MUX" for hierarchy "slc3:my_slc|SR2_MUX:sr2mux" File: F:/lab6_demo2/slc3.sv Line: 77
Info (12128): Elaborating entity "DR_MUX" for hierarchy "slc3:my_slc|DR_MUX:drmux" File: F:/lab6_demo2/slc3.sv Line: 78
Info (12128): Elaborating entity "setBEN" for hierarchy "slc3:my_slc|setBEN:setben" File: F:/lab6_demo2/slc3.sv Line: 79
Info (12128): Elaborating entity "ADDR2_MUX" for hierarchy "slc3:my_slc|ADDR2_MUX:addr2mux" File: F:/lab6_demo2/slc3.sv Line: 80
Info (12128): Elaborating entity "ADDR1_MUX" for hierarchy "slc3:my_slc|ADDR1_MUX:addr1mux" File: F:/lab6_demo2/slc3.sv Line: 81
Info (12128): Elaborating entity "setCC" for hierarchy "slc3:my_slc|setCC:setcc" File: F:/lab6_demo2/slc3.sv Line: 82
Info (12128): Elaborating entity "HexDriver" for hierarchy "slc3:my_slc|HexDriver:hex_driver3" File: F:/lab6_demo2/slc3.sv Line: 96
Info (12128): Elaborating entity "reg_16" for hierarchy "slc3:my_slc|reg_16:MARreg" File: F:/lab6_demo2/slc3.sv Line: 114
Info (12128): Elaborating entity "datapath" for hierarchy "slc3:my_slc|datapath:d0" File: F:/lab6_demo2/slc3.sv Line: 121
Info (12128): Elaborating entity "reg_file" for hierarchy "slc3:my_slc|reg_file:reg_file_unit" File: F:/lab6_demo2/slc3.sv Line: 122
Info (12128): Elaborating entity "Mem2IO" for hierarchy "slc3:my_slc|Mem2IO:memory_subsystem" File: F:/lab6_demo2/slc3.sv Line: 130
Info (12128): Elaborating entity "tristate" for hierarchy "slc3:my_slc|tristate:tr0" File: F:/lab6_demo2/slc3.sv Line: 135
Info (12128): Elaborating entity "ISDU" for hierarchy "slc3:my_slc|ISDU:state_controller" File: F:/lab6_demo2/slc3.sv Line: 143
Info (10264): Verilog HDL Case Statement information at ISDU.sv(127): all case item expressions in this case statement are onehot File: F:/lab6_demo2/ISDU.sv Line: 127
Info (10264): Verilog HDL Case Statement information at ISDU.sv(217): all case item expressions in this case statement are onehot File: F:/lab6_demo2/ISDU.sv Line: 217
Info (12128): Elaborating entity "sync" for hierarchy "slc3:my_slc|sync:button_sync[0]" File: F:/lab6_demo2/slc3.sv Line: 144
Info (12128): Elaborating entity "test_memory" for hierarchy "test_memory:my_test_memory" File: F:/lab6_demo2/lab6_toplevel.sv Line: 22
Warning (10036): Verilog HDL or VHDL warning at test_memory.sv(42): object "actual_address" assigned a value but never read File: F:/lab6_demo2/test_memory.sv Line: 42
Info (12128): Elaborating entity "memory_parser" for hierarchy "test_memory:my_test_memory|memory_parser:parser" File: F:/lab6_demo2/test_memory.sv Line: 48
Warning (13024): Output pins are stuck at VCC or GND
    Warning (13410): Pin "CE" is stuck at GND File: F:/lab6_demo2/lab6_toplevel.sv Line: 14
    Warning (13410): Pin "UB" is stuck at GND File: F:/lab6_demo2/lab6_toplevel.sv Line: 14
    Warning (13410): Pin "LB" is stuck at GND File: F:/lab6_demo2/lab6_toplevel.sv Line: 14
    Warning (13410): Pin "ADDR[16]" is stuck at GND File: F:/lab6_demo2/lab6_toplevel.sv Line: 15
    Warning (13410): Pin "ADDR[17]" is stuck at GND File: F:/lab6_demo2/lab6_toplevel.sv Line: 15
    Warning (13410): Pin "ADDR[18]" is stuck at GND File: F:/lab6_demo2/lab6_toplevel.sv Line: 15
    Warning (13410): Pin "ADDR[19]" is stuck at GND File: F:/lab6_demo2/lab6_toplevel.sv Line: 15
Info (286030): Timing-Driven Synthesis is running
Info (17049): 5 registers lost all their fanouts during netlist optimizations.
Info (144001): Generated suppressed messages file F:/lab6_demo2/output_files/lab6.map.smsg
Info (16010): Generating hard_block partition "hard_block:auto_generated_inst"
    Info (16011): Adding 0 node(s), including 0 DDIO, 0 PLL, 0 transceiver and 0 LCELL
Info (21057): Implemented 871 device resources after synthesis - the final resource count might be different
    Info (21058): Implemented 20 input pins
    Info (21059): Implemented 93 output pins
    Info (21060): Implemented 16 bidirectional pins
    Info (21061): Implemented 742 logic cells
Info: Quartus Prime Analysis & Synthesis was successful. 0 errors, 10 warnings
    Info: Peak virtual memory: 4794 megabytes
    Info: Processing ended: Mon Mar 04 18:50:29 2019
    Info: Elapsed time: 00:00:19
    Info: Total CPU time (on all processors): 00:00:27


+------------------------------------------+
; Analysis & Synthesis Suppressed Messages ;
+------------------------------------------+
The suppressed messages can be found in F:/lab6_demo2/output_files/lab6.map.smsg.


